Analysis & Synthesis report for DesignProblem3
Fri Apr 03 21:56:13 2020
Quartus Prime Version 18.1.0 Build 625 09/12/2018 SJ Lite Edition


---------------------
; Table of Contents ;
---------------------
  1. Legal Notice
  2. Analysis & Synthesis Summary
  3. Analysis & Synthesis Settings
  4. Parallel Compilation
  5. Analysis & Synthesis Source Files Read
  6. Analysis & Synthesis Resource Usage Summary
  7. Analysis & Synthesis Resource Utilization by Entity
  8. State Machine - |DesignProblem3|SecondMux:SecondMuxand7Seg|present_state
  9. State Machine - |DesignProblem3|FSM:FSMDisplay|present_state
 10. User-Specified and Inferred Latches
 11. Registers Removed During Synthesis
 12. General Register Statistics
 13. Inverted Register Statistics
 14. Multiplexer Restructuring Statistics (Restructuring Performed)
 15. Port Connectivity Checks: "SecondMux:SecondMuxand7Seg"
 16. Port Connectivity Checks: "TwoDigitDisplay:HoursDisplay"
 17. Port Connectivity Checks: "TwoDigitDisplay:MinutesDisplay"
 18. Port Connectivity Checks: "ClockCounter:TimeOfDay"
 19. Post-Synthesis Netlist Statistics for Top Partition
 20. Elapsed Time Per Partition
 21. Analysis & Synthesis Messages



----------------
; Legal Notice ;
----------------
Copyright (C) 2018  Intel Corporation. All rights reserved.
Your use of Intel Corporation's design tools, logic functions 
and other software and tools, and its AMPP partner logic 
functions, and any output files from any of the foregoing 
(including device programming or simulation files), and any 
associated documentation or information are expressly subject 
to the terms and conditions of the Intel Program License 
Subscription Agreement, the Intel Quartus Prime License Agreement,
the Intel FPGA IP License Agreement, or other applicable license
agreement, including, without limitation, that your use is for
the sole purpose of programming logic devices manufactured by
Intel and sold by Intel or its authorized distributors.  Please
refer to the applicable agreement for further details.



+----------------------------------------------------------------------------------+
; Analysis & Synthesis Summary                                                     ;
+------------------------------------+---------------------------------------------+
; Analysis & Synthesis Status        ; Successful - Fri Apr 03 21:56:13 2020       ;
; Quartus Prime Version              ; 18.1.0 Build 625 09/12/2018 SJ Lite Edition ;
; Revision Name                      ; DesignProblem3                              ;
; Top-level Entity Name              ; DesignProblem3                              ;
; Family                             ; MAX 10                                      ;
; Total logic elements               ; 167                                         ;
;     Total combinational functions  ; 158                                         ;
;     Dedicated logic registers      ; 85                                          ;
; Total registers                    ; 85                                          ;
; Total pins                         ; 19                                          ;
; Total virtual pins                 ; 0                                           ;
; Total memory bits                  ; 0                                           ;
; Embedded Multiplier 9-bit elements ; 0                                           ;
; Total PLLs                         ; 0                                           ;
; UFM blocks                         ; 0                                           ;
; ADC blocks                         ; 0                                           ;
+------------------------------------+---------------------------------------------+


+------------------------------------------------------------------------------------------------------------+
; Analysis & Synthesis Settings                                                                              ;
+------------------------------------------------------------------+--------------------+--------------------+
; Option                                                           ; Setting            ; Default Value      ;
+------------------------------------------------------------------+--------------------+--------------------+
; Device                                                           ; 10M02SCU169C8G     ;                    ;
; Top-level entity name                                            ; DesignProblem3     ; DesignProblem3     ;
; Family name                                                      ; MAX 10             ; Cyclone V          ;
; Use smart compilation                                            ; Off                ; Off                ;
; Enable parallel Assembler and Timing Analyzer during compilation ; On                 ; On                 ;
; Enable compact report table                                      ; Off                ; Off                ;
; Restructure Multiplexers                                         ; Auto               ; Auto               ;
; Create Debugging Nodes for IP Cores                              ; Off                ; Off                ;
; Preserve fewer node names                                        ; On                 ; On                 ;
; Intel FPGA IP Evaluation Mode                                    ; Enable             ; Enable             ;
; Verilog Version                                                  ; Verilog_2001       ; Verilog_2001       ;
; VHDL Version                                                     ; VHDL_1993          ; VHDL_1993          ;
; State Machine Processing                                         ; Auto               ; Auto               ;
; Safe State Machine                                               ; Off                ; Off                ;
; Extract Verilog State Machines                                   ; On                 ; On                 ;
; Extract VHDL State Machines                                      ; On                 ; On                 ;
; Ignore Verilog initial constructs                                ; Off                ; Off                ;
; Iteration limit for constant Verilog loops                       ; 5000               ; 5000               ;
; Iteration limit for non-constant Verilog loops                   ; 250                ; 250                ;
; Add Pass-Through Logic to Inferred RAMs                          ; On                 ; On                 ;
; Infer RAMs from Raw Logic                                        ; On                 ; On                 ;
; Parallel Synthesis                                               ; On                 ; On                 ;
; DSP Block Balancing                                              ; Auto               ; Auto               ;
; NOT Gate Push-Back                                               ; On                 ; On                 ;
; Power-Up Don't Care                                              ; On                 ; On                 ;
; Remove Redundant Logic Cells                                     ; Off                ; Off                ;
; Remove Duplicate Registers                                       ; On                 ; On                 ;
; Ignore CARRY Buffers                                             ; Off                ; Off                ;
; Ignore CASCADE Buffers                                           ; Off                ; Off                ;
; Ignore GLOBAL Buffers                                            ; Off                ; Off                ;
; Ignore ROW GLOBAL Buffers                                        ; Off                ; Off                ;
; Ignore LCELL Buffers                                             ; Off                ; Off                ;
; Ignore SOFT Buffers                                              ; On                 ; On                 ;
; Limit AHDL Integers to 32 Bits                                   ; Off                ; Off                ;
; Optimization Technique                                           ; Balanced           ; Balanced           ;
; Carry Chain Length                                               ; 70                 ; 70                 ;
; Auto Carry Chains                                                ; On                 ; On                 ;
; Auto Open-Drain Pins                                             ; On                 ; On                 ;
; Perform WYSIWYG Primitive Resynthesis                            ; Off                ; Off                ;
; Auto ROM Replacement                                             ; On                 ; On                 ;
; Auto RAM Replacement                                             ; On                 ; On                 ;
; Auto DSP Block Replacement                                       ; On                 ; On                 ;
; Auto Shift Register Replacement                                  ; Auto               ; Auto               ;
; Allow Shift Register Merging across Hierarchies                  ; Auto               ; Auto               ;
; Auto Clock Enable Replacement                                    ; On                 ; On                 ;
; Strict RAM Replacement                                           ; Off                ; Off                ;
; Allow Synchronous Control Signals                                ; On                 ; On                 ;
; Force Use of Synchronous Clear Signals                           ; Off                ; Off                ;
; Auto RAM Block Balancing                                         ; On                 ; On                 ;
; Auto RAM to Logic Cell Conversion                                ; Off                ; Off                ;
; Auto Resource Sharing                                            ; Off                ; Off                ;
; Allow Any RAM Size For Recognition                               ; Off                ; Off                ;
; Allow Any ROM Size For Recognition                               ; Off                ; Off                ;
; Allow Any Shift Register Size For Recognition                    ; Off                ; Off                ;
; Use LogicLock Constraints during Resource Balancing              ; On                 ; On                 ;
; Ignore translate_off and synthesis_off directives                ; Off                ; Off                ;
; Timing-Driven Synthesis                                          ; On                 ; On                 ;
; Report Parameter Settings                                        ; On                 ; On                 ;
; Report Source Assignments                                        ; On                 ; On                 ;
; Report Connectivity Checks                                       ; On                 ; On                 ;
; Ignore Maximum Fan-Out Assignments                               ; Off                ; Off                ;
; Synchronization Register Chain Length                            ; 2                  ; 2                  ;
; Power Optimization During Synthesis                              ; Normal compilation ; Normal compilation ;
; HDL message level                                                ; Level2             ; Level2             ;
; Suppress Register Optimization Related Messages                  ; Off                ; Off                ;
; Number of Removed Registers Reported in Synthesis Report         ; 5000               ; 5000               ;
; Number of Swept Nodes Reported in Synthesis Report               ; 5000               ; 5000               ;
; Number of Inverted Registers Reported in Synthesis Report        ; 100                ; 100                ;
; Clock MUX Protection                                             ; On                 ; On                 ;
; Auto Gated Clock Conversion                                      ; Off                ; Off                ;
; Block Design Naming                                              ; Auto               ; Auto               ;
; SDC constraint protection                                        ; Off                ; Off                ;
; Synthesis Effort                                                 ; Auto               ; Auto               ;
; Shift Register Replacement - Allow Asynchronous Clear Signal     ; On                 ; On                 ;
; Pre-Mapping Resynthesis Optimization                             ; Off                ; Off                ;
; Analysis & Synthesis Message Level                               ; Medium             ; Medium             ;
; Disable Register Merging Across Hierarchies                      ; Auto               ; Auto               ;
; Resource Aware Inference For Block RAM                           ; On                 ; On                 ;
+------------------------------------------------------------------+--------------------+--------------------+


+------------------------------------------+
; Parallel Compilation                     ;
+----------------------------+-------------+
; Processors                 ; Number      ;
+----------------------------+-------------+
; Number detected on machine ; 4           ;
; Maximum allowed            ; 2           ;
;                            ;             ;
; Average used               ; 1.00        ;
; Maximum used               ; 2           ;
;                            ;             ;
; Usage by Processor         ; % Time Used ;
;     Processor 1            ; 100.0%      ;
;     Processor 2            ;   0.0%      ;
+----------------------------+-------------+


+--------------------------------------------------------------------------------------------------------------------------------------------------------------+
; Analysis & Synthesis Source Files Read                                                                                                                       ;
+----------------------------------+-----------------+-----------------+-----------------------------------------------------------------------------+---------+
; File Name with User-Entered Path ; Used in Netlist ; File Type       ; File Name with Absolute Path                                                ; Library ;
+----------------------------------+-----------------+-----------------+-----------------------------------------------------------------------------+---------+
; TwoDigitDisplay.vhd              ; yes             ; User VHDL File  ; C:/Users/gregm/Desktop/Digital2020/BOnus/DesignProblem3/TwoDigitDisplay.vhd ;         ;
; SecondMux.vhd                    ; yes             ; User VHDL File  ; C:/Users/gregm/Desktop/Digital2020/BOnus/DesignProblem3/SecondMux.vhd       ;         ;
; FSM.vhd                          ; yes             ; User VHDL File  ; C:/Users/gregm/Desktop/Digital2020/BOnus/DesignProblem3/FSM.vhd             ;         ;
; DesignProblem3.vhd               ; yes             ; User VHDL File  ; C:/Users/gregm/Desktop/Digital2020/BOnus/DesignProblem3/DesignProblem3.vhd  ;         ;
; ClockCounter.vhd                 ; yes             ; User VHDL File  ; C:/Users/gregm/Desktop/Digital2020/BOnus/DesignProblem3/ClockCounter.vhd    ;         ;
+----------------------------------+-----------------+-----------------+-----------------------------------------------------------------------------+---------+


+-------------------------------------------------------------+
; Analysis & Synthesis Resource Usage Summary                 ;
+---------------------------------------------+---------------+
; Resource                                    ; Usage         ;
+---------------------------------------------+---------------+
; Estimated Total logic elements              ; 167           ;
;                                             ;               ;
; Total combinational functions               ; 158           ;
; Logic element usage by number of LUT inputs ;               ;
;     -- 4 input functions                    ; 75            ;
;     -- 3 input functions                    ; 27            ;
;     -- <=2 input functions                  ; 56            ;
;                                             ;               ;
; Logic elements by mode                      ;               ;
;     -- normal mode                          ; 131           ;
;     -- arithmetic mode                      ; 27            ;
;                                             ;               ;
; Total registers                             ; 85            ;
;     -- Dedicated logic registers            ; 85            ;
;     -- I/O registers                        ; 0             ;
;                                             ;               ;
; I/O pins                                    ; 19            ;
;                                             ;               ;
; Embedded Multiplier 9-bit elements          ; 0             ;
;                                             ;               ;
; Maximum fan-out node                        ; resetin~input ;
; Maximum fan-out                             ; 69            ;
; Total fan-out                               ; 792           ;
; Average fan-out                             ; 2.82          ;
+---------------------------------------------+---------------+


+----------------------------------------------------------------------------------------------------------------------------------------------------------------------------------------------------------------------------------------------------------------------------+
; Analysis & Synthesis Resource Utilization by Entity                                                                                                                                                                                                                        ;
+-------------------------------------+---------------------+---------------------------+-------------+------------+--------------+---------+-----------+------+--------------+------------+------------------------------------------------+-----------------+--------------+
; Compilation Hierarchy Node          ; Combinational ALUTs ; Dedicated Logic Registers ; Memory Bits ; UFM Blocks ; DSP Elements ; DSP 9x9 ; DSP 18x18 ; Pins ; Virtual Pins ; ADC blocks ; Full Hierarchy Name                            ; Entity Name     ; Library Name ;
+-------------------------------------+---------------------+---------------------------+-------------+------------+--------------+---------+-----------+------+--------------+------------+------------------------------------------------+-----------------+--------------+
; |DesignProblem3                     ; 158 (62)            ; 85 (37)                   ; 0           ; 0          ; 0            ; 0       ; 0         ; 19   ; 0            ; 0          ; |DesignProblem3                                ; DesignProblem3  ; work         ;
;    |ClockCounter:TimeOfDay|         ; 14 (14)             ; 8 (8)                     ; 0           ; 0          ; 0            ; 0       ; 0         ; 0    ; 0            ; 0          ; |DesignProblem3|ClockCounter:TimeOfDay         ; ClockCounter    ; work         ;
;    |FSM:FSMDisplay|                 ; 32 (32)             ; 17 (17)                   ; 0           ; 0          ; 0            ; 0       ; 0         ; 0    ; 0            ; 0          ; |DesignProblem3|FSM:FSMDisplay                 ; FSM             ; work         ;
;    |SecondMux:SecondMuxand7Seg|     ; 31 (31)             ; 23 (23)                   ; 0           ; 0          ; 0            ; 0       ; 0         ; 0    ; 0            ; 0          ; |DesignProblem3|SecondMux:SecondMuxand7Seg     ; SecondMux       ; work         ;
;    |TwoDigitDisplay:HoursDisplay|   ; 7 (7)               ; 0 (0)                     ; 0           ; 0          ; 0            ; 0       ; 0         ; 0    ; 0            ; 0          ; |DesignProblem3|TwoDigitDisplay:HoursDisplay   ; TwoDigitDisplay ; work         ;
;    |TwoDigitDisplay:MinutesDisplay| ; 12 (12)             ; 0 (0)                     ; 0           ; 0          ; 0            ; 0       ; 0         ; 0    ; 0            ; 0          ; |DesignProblem3|TwoDigitDisplay:MinutesDisplay ; TwoDigitDisplay ; work         ;
+-------------------------------------+---------------------+---------------------------+-------------+------------+--------------+---------+-----------+------+--------------+------------+------------------------------------------------+-----------------+--------------+
Note: For table entries with two numbers listed, the numbers in parentheses indicate the number of resources of the given type used by the specific entity alone. The numbers listed outside of parentheses indicate the total resources of the given type used by the specific entity and all of its sub-entities in the hierarchy.


Encoding Type:  One-Hot
+----------------------------------------------------------------------------------------------+
; State Machine - |DesignProblem3|SecondMux:SecondMuxand7Seg|present_state                     ;
+------------------+------------------+------------------+------------------+------------------+
; Name             ; present_state.S3 ; present_state.S2 ; present_state.S1 ; present_state.S0 ;
+------------------+------------------+------------------+------------------+------------------+
; present_state.S0 ; 0                ; 0                ; 0                ; 0                ;
; present_state.S1 ; 0                ; 0                ; 1                ; 1                ;
; present_state.S2 ; 0                ; 1                ; 0                ; 1                ;
; present_state.S3 ; 1                ; 0                ; 0                ; 1                ;
+------------------+------------------+------------------+------------------+------------------+


Encoding Type:  One-Hot
+---------------------------------------------------------------------------------------------------------------------------------------------------------------------------------------------------------------------------------------------------------------------------------------------------------------------------------------------------------------------------------------------------------------------------------------+
; State Machine - |DesignProblem3|FSM:FSMDisplay|present_state                                                                                                                                                                                                                                                                                                                                                                          ;
+--------------------------------+--------------------------------+-----------------------+-----------------------+----------------------+----------------------+----------------------+----------------------+----------------------+----------------------+----------------------+----------------------+----------------------+-------------------------+--------------------------+------------------------+------------------------+
; Name                           ; present_state.AlarmClearSwitch ; present_state.Alarm11 ; present_state.Alarm10 ; present_state.Alarm9 ; present_state.Alarm8 ; present_state.Alarm7 ; present_state.Alarm6 ; present_state.Alarm5 ; present_state.Alarm4 ; present_state.Alarm3 ; present_state.Alarm2 ; present_state.Alarm1 ; present_state.Set_Alarm ; present_state.Set_Minute ; present_state.Set_Hour ; present_state.Time_Now ;
+--------------------------------+--------------------------------+-----------------------+-----------------------+----------------------+----------------------+----------------------+----------------------+----------------------+----------------------+----------------------+----------------------+----------------------+-------------------------+--------------------------+------------------------+------------------------+
; present_state.Time_Now         ; 0                              ; 0                     ; 0                     ; 0                    ; 0                    ; 0                    ; 0                    ; 0                    ; 0                    ; 0                    ; 0                    ; 0                    ; 0                       ; 0                        ; 0                      ; 0                      ;
; present_state.Set_Hour         ; 0                              ; 0                     ; 0                     ; 0                    ; 0                    ; 0                    ; 0                    ; 0                    ; 0                    ; 0                    ; 0                    ; 0                    ; 0                       ; 0                        ; 1                      ; 1                      ;
; present_state.Set_Minute       ; 0                              ; 0                     ; 0                     ; 0                    ; 0                    ; 0                    ; 0                    ; 0                    ; 0                    ; 0                    ; 0                    ; 0                    ; 0                       ; 1                        ; 0                      ; 1                      ;
; present_state.Set_Alarm        ; 0                              ; 0                     ; 0                     ; 0                    ; 0                    ; 0                    ; 0                    ; 0                    ; 0                    ; 0                    ; 0                    ; 0                    ; 1                       ; 0                        ; 0                      ; 1                      ;
; present_state.Alarm1           ; 0                              ; 0                     ; 0                     ; 0                    ; 0                    ; 0                    ; 0                    ; 0                    ; 0                    ; 0                    ; 0                    ; 1                    ; 0                       ; 0                        ; 0                      ; 1                      ;
; present_state.Alarm2           ; 0                              ; 0                     ; 0                     ; 0                    ; 0                    ; 0                    ; 0                    ; 0                    ; 0                    ; 0                    ; 1                    ; 0                    ; 0                       ; 0                        ; 0                      ; 1                      ;
; present_state.Alarm3           ; 0                              ; 0                     ; 0                     ; 0                    ; 0                    ; 0                    ; 0                    ; 0                    ; 0                    ; 1                    ; 0                    ; 0                    ; 0                       ; 0                        ; 0                      ; 1                      ;
; present_state.Alarm4           ; 0                              ; 0                     ; 0                     ; 0                    ; 0                    ; 0                    ; 0                    ; 0                    ; 1                    ; 0                    ; 0                    ; 0                    ; 0                       ; 0                        ; 0                      ; 1                      ;
; present_state.Alarm5           ; 0                              ; 0                     ; 0                     ; 0                    ; 0                    ; 0                    ; 0                    ; 1                    ; 0                    ; 0                    ; 0                    ; 0                    ; 0                       ; 0                        ; 0                      ; 1                      ;
; present_state.Alarm6           ; 0                              ; 0                     ; 0                     ; 0                    ; 0                    ; 0                    ; 1                    ; 0                    ; 0                    ; 0                    ; 0                    ; 0                    ; 0                       ; 0                        ; 0                      ; 1                      ;
; present_state.Alarm7           ; 0                              ; 0                     ; 0                     ; 0                    ; 0                    ; 1                    ; 0                    ; 0                    ; 0                    ; 0                    ; 0                    ; 0                    ; 0                       ; 0                        ; 0                      ; 1                      ;
; present_state.Alarm8           ; 0                              ; 0                     ; 0                     ; 0                    ; 1                    ; 0                    ; 0                    ; 0                    ; 0                    ; 0                    ; 0                    ; 0                    ; 0                       ; 0                        ; 0                      ; 1                      ;
; present_state.Alarm9           ; 0                              ; 0                     ; 0                     ; 1                    ; 0                    ; 0                    ; 0                    ; 0                    ; 0                    ; 0                    ; 0                    ; 0                    ; 0                       ; 0                        ; 0                      ; 1                      ;
; present_state.Alarm10          ; 0                              ; 0                     ; 1                     ; 0                    ; 0                    ; 0                    ; 0                    ; 0                    ; 0                    ; 0                    ; 0                    ; 0                    ; 0                       ; 0                        ; 0                      ; 1                      ;
; present_state.Alarm11          ; 0                              ; 1                     ; 0                     ; 0                    ; 0                    ; 0                    ; 0                    ; 0                    ; 0                    ; 0                    ; 0                    ; 0                    ; 0                       ; 0                        ; 0                      ; 1                      ;
; present_state.AlarmClearSwitch ; 1                              ; 0                     ; 0                     ; 0                    ; 0                    ; 0                    ; 0                    ; 0                    ; 0                    ; 0                    ; 0                    ; 0                    ; 0                       ; 0                        ; 0                      ; 1                      ;
+--------------------------------+--------------------------------+-----------------------+-----------------------+----------------------+----------------------+----------------------+----------------------+----------------------+----------------------+----------------------+----------------------+----------------------+-------------------------+--------------------------+------------------------+------------------------+


+---------------------------------------------------------------------------------------------------+
; User-Specified and Inferred Latches                                                               ;
+----------------------------------------------------+---------------------+------------------------+
; Latch Name                                         ; Latch Enable Signal ; Free of Timing Hazards ;
+----------------------------------------------------+---------------------+------------------------+
; AMDMPM[2]                                          ; GND                 ; yes                    ;
; AMDMPM[1]                                          ; GND                 ; yes                    ;
; AMDMPM[0]                                          ; GND                 ; yes                    ;
; Number of user-specified and inferred latches = 3  ;                     ;                        ;
+----------------------------------------------------+---------------------+------------------------+
Note: All latches listed above may not be present at the end of synthesis due to various synthesis optimizations.


+-----------------------------------------------------------------------------------------------+
; Registers Removed During Synthesis                                                            ;
+-------------------------------------------+---------------------------------------------------+
; Register name                             ; Reason for Removal                                ;
+-------------------------------------------+---------------------------------------------------+
; SecondMux:SecondMuxand7Seg|GrabFour[0..6] ; Stuck at VCC due to stuck port data_in            ;
; SecondMux:SecondMuxand7Seg|GrabOne[2,5]   ; Merged with SecondMux:SecondMuxand7Seg|GrabOne[1] ;
; Total Number of Removed Registers = 9     ;                                                   ;
+-------------------------------------------+---------------------------------------------------+


+------------------------------------------------------+
; General Register Statistics                          ;
+----------------------------------------------+-------+
; Statistic                                    ; Value ;
+----------------------------------------------+-------+
; Total registers                              ; 85    ;
; Number of registers using Synchronous Clear  ; 1     ;
; Number of registers using Synchronous Load   ; 0     ;
; Number of registers using Asynchronous Clear ; 66    ;
; Number of registers using Asynchronous Load  ; 0     ;
; Number of registers using Clock Enable       ; 34    ;
; Number of registers using Preset             ; 0     ;
+----------------------------------------------+-------+


+--------------------------------------------------+
; Inverted Register Statistics                     ;
+----------------------------------------+---------+
; Inverted Register                      ; Fan out ;
+----------------------------------------+---------+
; ClockCounter:TimeOfDay|MinsTensBCD[0]  ; 12      ;
; Total number of inverted registers = 1 ;         ;
+----------------------------------------+---------+


+----------------------------------------------------------------------------------------------------------------------------------------------------------------------+
; Multiplexer Restructuring Statistics (Restructuring Performed)                                                                                                       ;
+--------------------+-----------+---------------+----------------------+------------------------+------------+--------------------------------------------------------+
; Multiplexer Inputs ; Bus Width ; Baseline Area ; Area if Restructured ; Saving if Restructured ; Registered ; Example Multiplexer Output                             ;
+--------------------+-----------+---------------+----------------------+------------------------+------------+--------------------------------------------------------+
; 3:1                ; 4 bits    ; 8 LEs         ; 4 LEs                ; 4 LEs                  ; Yes        ; |DesignProblem3|ClockCounter:TimeOfDay|MinsDigitBCD[3] ;
; 6:1                ; 3 bits    ; 12 LEs        ; 3 LEs                ; 9 LEs                  ; Yes        ; |DesignProblem3|ClockCounter:TimeOfDay|MinsTensBCD[1]  ;
; 7:1                ; 7 bits    ; 28 LEs        ; 28 LEs               ; 0 LEs                  ; No         ; |DesignProblem3|SecondMux:SecondMuxand7Seg|Selector6   ;
+--------------------+-----------+---------------+----------------------+------------------------+------------+--------------------------------------------------------+


+----------------------------------------------------------------------------------------------------------------------+
; Port Connectivity Checks: "SecondMux:SecondMuxand7Seg"                                                               ;
+------------+--------+----------+-------------------------------------------------------------------------------------+
; Port       ; Type   ; Severity ; Details                                                                             ;
+------------+--------+----------+-------------------------------------------------------------------------------------+
; outputled0 ; Output ; Info     ; Connected to dangling logic. Logic that only feeds a dangling port will be removed. ;
; outputled1 ; Output ; Info     ; Connected to dangling logic. Logic that only feeds a dangling port will be removed. ;
+------------+--------+----------+-------------------------------------------------------------------------------------+


+----------------------------------------------------------+
; Port Connectivity Checks: "TwoDigitDisplay:HoursDisplay" ;
+---------------+-------+----------+-----------------------+
; Port          ; Type  ; Severity ; Details               ;
+---------------+-------+----------+-----------------------+
; binary2[3..2] ; Input ; Info     ; Stuck at VCC          ;
; binary2[1]    ; Input ; Info     ; Stuck at GND          ;
; binary2[0]    ; Input ; Info     ; Stuck at VCC          ;
+---------------+-------+----------+-----------------------+


+------------------------------------------------------------+
; Port Connectivity Checks: "TwoDigitDisplay:MinutesDisplay" ;
+------------+-------+----------+----------------------------+
; Port       ; Type  ; Severity ; Details                    ;
+------------+-------+----------+----------------------------+
; binary1[3] ; Input ; Info     ; Stuck at VCC               ;
+------------+-------+----------+----------------------------+


+--------------------------------------------------------------------------------------------------------------------------+
; Port Connectivity Checks: "ClockCounter:TimeOfDay"                                                                       ;
+----------------+--------+----------+-------------------------------------------------------------------------------------+
; Port           ; Type   ; Severity ; Details                                                                             ;
+----------------+--------+----------+-------------------------------------------------------------------------------------+
; hhmmout[15..8] ; Output ; Info     ; Connected to dangling logic. Logic that only feeds a dangling port will be removed. ;
+----------------+--------+----------+-------------------------------------------------------------------------------------+


+-----------------------------------------------------+
; Post-Synthesis Netlist Statistics for Top Partition ;
+-----------------------+-----------------------------+
; Type                  ; Count                       ;
+-----------------------+-----------------------------+
; boundary_port         ; 19                          ;
; cycloneiii_ff         ; 85                          ;
;     CLR               ; 50                          ;
;     CLR SCLR          ; 1                           ;
;     ENA               ; 19                          ;
;     ENA CLR           ; 15                          ;
; cycloneiii_lcell_comb ; 160                         ;
;     arith             ; 27                          ;
;         2 data inputs ; 27                          ;
;     normal            ; 133                         ;
;         1 data inputs ; 7                           ;
;         2 data inputs ; 24                          ;
;         3 data inputs ; 27                          ;
;         4 data inputs ; 75                          ;
;                       ;                             ;
; Max LUT depth         ; 5.00                        ;
; Average LUT depth     ; 3.19                        ;
+-----------------------+-----------------------------+


+-------------------------------+
; Elapsed Time Per Partition    ;
+----------------+--------------+
; Partition Name ; Elapsed Time ;
+----------------+--------------+
; Top            ; 00:00:01     ;
+----------------+--------------+


+-------------------------------+
; Analysis & Synthesis Messages ;
+-------------------------------+
Info: *******************************************************************
Info: Running Quartus Prime Analysis & Synthesis
    Info: Version 18.1.0 Build 625 09/12/2018 SJ Lite Edition
    Info: Processing started: Fri Apr 03 21:55:53 2020
Info: Command: quartus_map --read_settings_files=on --write_settings_files=off DesignProblem3 -c DesignProblem3
Warning (18236): Number of processors has not been specified which may cause overloading on shared machines.  Set the global assignment NUM_PARALLEL_PROCESSORS in your QSF to an appropriate value for best performance.
Info (20030): Parallel compilation is enabled and will use 2 of the 2 processors detected
Info (12021): Found 2 design units, including 1 entities, in source file twodigitdisplay.vhd
    Info (12022): Found design unit 1: TwoDigitDisplay-arch_TwoDigitDisplay File: C:/Users/gregm/Desktop/Digital2020/BOnus/DesignProblem3/TwoDigitDisplay.vhd Line: 28
    Info (12023): Found entity 1: TwoDigitDisplay File: C:/Users/gregm/Desktop/Digital2020/BOnus/DesignProblem3/TwoDigitDisplay.vhd Line: 17
Info (12021): Found 2 design units, including 1 entities, in source file secondmux.vhd
    Info (12022): Found design unit 1: SecondMux-Behavioral File: C:/Users/gregm/Desktop/Digital2020/BOnus/DesignProblem3/SecondMux.vhd Line: 34
    Info (12023): Found entity 1: SecondMux File: C:/Users/gregm/Desktop/Digital2020/BOnus/DesignProblem3/SecondMux.vhd Line: 8
Info (12021): Found 2 design units, including 1 entities, in source file fsm.vhd
    Info (12022): Found design unit 1: FSM-Behavioral File: C:/Users/gregm/Desktop/Digital2020/BOnus/DesignProblem3/FSM.vhd Line: 33
    Info (12023): Found entity 1: FSM File: C:/Users/gregm/Desktop/Digital2020/BOnus/DesignProblem3/FSM.vhd Line: 8
Info (12021): Found 2 design units, including 1 entities, in source file designproblem3.vhd
    Info (12022): Found design unit 1: DesignProblem3-AttachAll File: C:/Users/gregm/Desktop/Digital2020/BOnus/DesignProblem3/DesignProblem3.vhd Line: 36
    Info (12023): Found entity 1: DesignProblem3 File: C:/Users/gregm/Desktop/Digital2020/BOnus/DesignProblem3/DesignProblem3.vhd Line: 16
Info (12021): Found 2 design units, including 1 entities, in source file clockcounter.vhd
    Info (12022): Found design unit 1: ClockCounter-Impl1 File: C:/Users/gregm/Desktop/Digital2020/BOnus/DesignProblem3/ClockCounter.vhd Line: 27
    Info (12023): Found entity 1: ClockCounter File: C:/Users/gregm/Desktop/Digital2020/BOnus/DesignProblem3/ClockCounter.vhd Line: 18
Info (12127): Elaborating entity "DesignProblem3" for the top level hierarchy
Warning (10036): Verilog HDL or VHDL warning at DesignProblem3.vhd(121): object "Disable" assigned a value but never read File: C:/Users/gregm/Desktop/Digital2020/BOnus/DesignProblem3/DesignProblem3.vhd Line: 121
Info (10041): Inferred latch for "AMDMPM[0]" at DesignProblem3.vhd(146) File: C:/Users/gregm/Desktop/Digital2020/BOnus/DesignProblem3/DesignProblem3.vhd Line: 146
Info (10041): Inferred latch for "AMDMPM[1]" at DesignProblem3.vhd(146) File: C:/Users/gregm/Desktop/Digital2020/BOnus/DesignProblem3/DesignProblem3.vhd Line: 146
Info (10041): Inferred latch for "AMDMPM[2]" at DesignProblem3.vhd(146) File: C:/Users/gregm/Desktop/Digital2020/BOnus/DesignProblem3/DesignProblem3.vhd Line: 146
Info (10041): Inferred latch for "AMDMPM[3]" at DesignProblem3.vhd(146) File: C:/Users/gregm/Desktop/Digital2020/BOnus/DesignProblem3/DesignProblem3.vhd Line: 146
Info (12128): Elaborating entity "ClockCounter" for hierarchy "ClockCounter:TimeOfDay" File: C:/Users/gregm/Desktop/Digital2020/BOnus/DesignProblem3/DesignProblem3.vhd Line: 176
Info (12128): Elaborating entity "TwoDigitDisplay" for hierarchy "TwoDigitDisplay:MinutesDisplay" File: C:/Users/gregm/Desktop/Digital2020/BOnus/DesignProblem3/DesignProblem3.vhd Line: 193
Info (12128): Elaborating entity "FSM" for hierarchy "FSM:FSMDisplay" File: C:/Users/gregm/Desktop/Digital2020/BOnus/DesignProblem3/DesignProblem3.vhd Line: 212
Warning (10492): VHDL Process Statement warning at FSM.vhd(204): signal "AlarmEnabled" is read inside the Process Statement but isn't in the Process Statement's sensitivity list File: C:/Users/gregm/Desktop/Digital2020/BOnus/DesignProblem3/FSM.vhd Line: 204
Warning (10492): VHDL Process Statement warning at FSM.vhd(205): signal "AlarmEnabled" is read inside the Process Statement but isn't in the Process Statement's sensitivity list File: C:/Users/gregm/Desktop/Digital2020/BOnus/DesignProblem3/FSM.vhd Line: 205
Warning (10492): VHDL Process Statement warning at FSM.vhd(206): signal "AlarmEnabled" is read inside the Process Statement but isn't in the Process Statement's sensitivity list File: C:/Users/gregm/Desktop/Digital2020/BOnus/DesignProblem3/FSM.vhd Line: 206
Info (12128): Elaborating entity "SecondMux" for hierarchy "SecondMux:SecondMuxand7Seg" File: C:/Users/gregm/Desktop/Digital2020/BOnus/DesignProblem3/DesignProblem3.vhd Line: 237
Warning (10492): VHDL Process Statement warning at SecondMux.vhd(79): signal "FreezeTime" is read inside the Process Statement but isn't in the Process Statement's sensitivity list File: C:/Users/gregm/Desktop/Digital2020/BOnus/DesignProblem3/SecondMux.vhd Line: 79
Warning (10492): VHDL Process Statement warning at SecondMux.vhd(80): signal "GrabOne" is read inside the Process Statement but isn't in the Process Statement's sensitivity list File: C:/Users/gregm/Desktop/Digital2020/BOnus/DesignProblem3/SecondMux.vhd Line: 80
Warning (10492): VHDL Process Statement warning at SecondMux.vhd(87): signal "FreezeTime" is read inside the Process Statement but isn't in the Process Statement's sensitivity list File: C:/Users/gregm/Desktop/Digital2020/BOnus/DesignProblem3/SecondMux.vhd Line: 87
Warning (10492): VHDL Process Statement warning at SecondMux.vhd(88): signal "GrabTwo" is read inside the Process Statement but isn't in the Process Statement's sensitivity list File: C:/Users/gregm/Desktop/Digital2020/BOnus/DesignProblem3/SecondMux.vhd Line: 88
Warning (10492): VHDL Process Statement warning at SecondMux.vhd(95): signal "FreezeTime" is read inside the Process Statement but isn't in the Process Statement's sensitivity list File: C:/Users/gregm/Desktop/Digital2020/BOnus/DesignProblem3/SecondMux.vhd Line: 95
Warning (10492): VHDL Process Statement warning at SecondMux.vhd(96): signal "GrabThree" is read inside the Process Statement but isn't in the Process Statement's sensitivity list File: C:/Users/gregm/Desktop/Digital2020/BOnus/DesignProblem3/SecondMux.vhd Line: 96
Warning (10492): VHDL Process Statement warning at SecondMux.vhd(103): signal "FreezeTime" is read inside the Process Statement but isn't in the Process Statement's sensitivity list File: C:/Users/gregm/Desktop/Digital2020/BOnus/DesignProblem3/SecondMux.vhd Line: 103
Warning (10492): VHDL Process Statement warning at SecondMux.vhd(104): signal "GrabFour" is read inside the Process Statement but isn't in the Process Statement's sensitivity list File: C:/Users/gregm/Desktop/Digital2020/BOnus/DesignProblem3/SecondMux.vhd Line: 104
Info (13000): Registers with preset signals will power-up high File: C:/Users/gregm/Desktop/Digital2020/BOnus/DesignProblem3/ClockCounter.vhd Line: 87
Info (13003): DEV_CLRn pin will set, and not reset, register with preset signal due to NOT Gate Push-Back
Info (286030): Timing-Driven Synthesis is running
Info (16010): Generating hard_block partition "hard_block:auto_generated_inst"
    Info (16011): Adding 0 node(s), including 0 DDIO, 0 PLL, 0 transceiver and 0 LCELL
Info (21057): Implemented 205 device resources after synthesis - the final resource count might be different
    Info (21058): Implemented 5 input pins
    Info (21059): Implemented 14 output pins
    Info (21061): Implemented 186 logic cells
Info: Quartus Prime Analysis & Synthesis was successful. 0 errors, 13 warnings
    Info: Peak virtual memory: 4791 megabytes
    Info: Processing ended: Fri Apr 03 21:56:13 2020
    Info: Elapsed time: 00:00:20
    Info: Total CPU time (on all processors): 00:00:42


