Analysis & Synthesis report for Lab06
Sun Apr 19 17:15:59 2020
Quartus Prime Version 18.1.0 Build 625 09/12/2018 SJ Lite Edition


---------------------
; Table of Contents ;
---------------------
  1. Legal Notice
  2. Analysis & Synthesis Summary
  3. Analysis & Synthesis Settings
  4. Parallel Compilation
  5. Analysis & Synthesis Source Files Read
  6. Analysis & Synthesis Resource Usage Summary
  7. Analysis & Synthesis Resource Utilization by Entity
  8. State Machine - |Lab06|gcpu_controller:Control|present_state
  9. Registers Removed During Synthesis
 10. General Register Statistics
 11. Multiplexer Restructuring Statistics (Restructuring Performed)
 12. Port Connectivity Checks: "gcpu_controller:Control"
 13. Port Connectivity Checks: "REG_DATAPATH:TheRegDatapath"
 14. Post-Synthesis Netlist Statistics for Top Partition
 15. Elapsed Time Per Partition
 16. Analysis & Synthesis Messages



----------------
; Legal Notice ;
----------------
Copyright (C) 2018  Intel Corporation. All rights reserved.
Your use of Intel Corporation's design tools, logic functions 
and other software and tools, and its AMPP partner logic 
functions, and any output files from any of the foregoing 
(including device programming or simulation files), and any 
associated documentation or information are expressly subject 
to the terms and conditions of the Intel Program License 
Subscription Agreement, the Intel Quartus Prime License Agreement,
the Intel FPGA IP License Agreement, or other applicable license
agreement, including, without limitation, that your use is for
the sole purpose of programming logic devices manufactured by
Intel and sold by Intel or its authorized distributors.  Please
refer to the applicable agreement for further details.



+----------------------------------------------------------------------------------+
; Analysis & Synthesis Summary                                                     ;
+------------------------------------+---------------------------------------------+
; Analysis & Synthesis Status        ; Successful - Sun Apr 19 17:15:59 2020       ;
; Quartus Prime Version              ; 18.1.0 Build 625 09/12/2018 SJ Lite Edition ;
; Revision Name                      ; Lab06                                       ;
; Top-level Entity Name              ; Lab06                                       ;
; Family                             ; MAX 10                                      ;
; Total logic elements               ; 154                                         ;
;     Total combinational functions  ; 146                                         ;
;     Dedicated logic registers      ; 81                                          ;
; Total registers                    ; 81                                          ;
; Total pins                         ; 20                                          ;
; Total virtual pins                 ; 0                                           ;
; Total memory bits                  ; 0                                           ;
; Embedded Multiplier 9-bit elements ; 0                                           ;
; Total PLLs                         ; 0                                           ;
; UFM blocks                         ; 0                                           ;
; ADC blocks                         ; 0                                           ;
+------------------------------------+---------------------------------------------+


+------------------------------------------------------------------------------------------------------------+
; Analysis & Synthesis Settings                                                                              ;
+------------------------------------------------------------------+--------------------+--------------------+
; Option                                                           ; Setting            ; Default Value      ;
+------------------------------------------------------------------+--------------------+--------------------+
; Device                                                           ; 10M02SCU169C8G     ;                    ;
; Top-level entity name                                            ; Lab06              ; Lab06              ;
; Family name                                                      ; MAX 10             ; Cyclone V          ;
; Use smart compilation                                            ; Off                ; Off                ;
; Enable parallel Assembler and Timing Analyzer during compilation ; On                 ; On                 ;
; Enable compact report table                                      ; Off                ; Off                ;
; Restructure Multiplexers                                         ; Auto               ; Auto               ;
; Create Debugging Nodes for IP Cores                              ; Off                ; Off                ;
; Preserve fewer node names                                        ; On                 ; On                 ;
; Intel FPGA IP Evaluation Mode                                    ; Enable             ; Enable             ;
; Verilog Version                                                  ; Verilog_2001       ; Verilog_2001       ;
; VHDL Version                                                     ; VHDL_1993          ; VHDL_1993          ;
; State Machine Processing                                         ; Auto               ; Auto               ;
; Safe State Machine                                               ; Off                ; Off                ;
; Extract Verilog State Machines                                   ; On                 ; On                 ;
; Extract VHDL State Machines                                      ; On                 ; On                 ;
; Ignore Verilog initial constructs                                ; Off                ; Off                ;
; Iteration limit for constant Verilog loops                       ; 5000               ; 5000               ;
; Iteration limit for non-constant Verilog loops                   ; 250                ; 250                ;
; Add Pass-Through Logic to Inferred RAMs                          ; On                 ; On                 ;
; Infer RAMs from Raw Logic                                        ; On                 ; On                 ;
; Parallel Synthesis                                               ; On                 ; On                 ;
; DSP Block Balancing                                              ; Auto               ; Auto               ;
; NOT Gate Push-Back                                               ; On                 ; On                 ;
; Power-Up Don't Care                                              ; On                 ; On                 ;
; Remove Redundant Logic Cells                                     ; Off                ; Off                ;
; Remove Duplicate Registers                                       ; On                 ; On                 ;
; Ignore CARRY Buffers                                             ; Off                ; Off                ;
; Ignore CASCADE Buffers                                           ; Off                ; Off                ;
; Ignore GLOBAL Buffers                                            ; Off                ; Off                ;
; Ignore ROW GLOBAL Buffers                                        ; Off                ; Off                ;
; Ignore LCELL Buffers                                             ; Off                ; Off                ;
; Ignore SOFT Buffers                                              ; On                 ; On                 ;
; Limit AHDL Integers to 32 Bits                                   ; Off                ; Off                ;
; Optimization Technique                                           ; Balanced           ; Balanced           ;
; Carry Chain Length                                               ; 70                 ; 70                 ;
; Auto Carry Chains                                                ; On                 ; On                 ;
; Auto Open-Drain Pins                                             ; On                 ; On                 ;
; Perform WYSIWYG Primitive Resynthesis                            ; Off                ; Off                ;
; Auto ROM Replacement                                             ; On                 ; On                 ;
; Auto RAM Replacement                                             ; On                 ; On                 ;
; Auto DSP Block Replacement                                       ; On                 ; On                 ;
; Auto Shift Register Replacement                                  ; Auto               ; Auto               ;
; Allow Shift Register Merging across Hierarchies                  ; Auto               ; Auto               ;
; Auto Clock Enable Replacement                                    ; On                 ; On                 ;
; Strict RAM Replacement                                           ; Off                ; Off                ;
; Allow Synchronous Control Signals                                ; On                 ; On                 ;
; Force Use of Synchronous Clear Signals                           ; Off                ; Off                ;
; Auto RAM Block Balancing                                         ; On                 ; On                 ;
; Auto RAM to Logic Cell Conversion                                ; Off                ; Off                ;
; Auto Resource Sharing                                            ; Off                ; Off                ;
; Allow Any RAM Size For Recognition                               ; Off                ; Off                ;
; Allow Any ROM Size For Recognition                               ; Off                ; Off                ;
; Allow Any Shift Register Size For Recognition                    ; Off                ; Off                ;
; Use LogicLock Constraints during Resource Balancing              ; On                 ; On                 ;
; Ignore translate_off and synthesis_off directives                ; Off                ; Off                ;
; Timing-Driven Synthesis                                          ; On                 ; On                 ;
; Report Parameter Settings                                        ; On                 ; On                 ;
; Report Source Assignments                                        ; On                 ; On                 ;
; Report Connectivity Checks                                       ; On                 ; On                 ;
; Ignore Maximum Fan-Out Assignments                               ; Off                ; Off                ;
; Synchronization Register Chain Length                            ; 2                  ; 2                  ;
; Power Optimization During Synthesis                              ; Normal compilation ; Normal compilation ;
; HDL message level                                                ; Level2             ; Level2             ;
; Suppress Register Optimization Related Messages                  ; Off                ; Off                ;
; Number of Removed Registers Reported in Synthesis Report         ; 5000               ; 5000               ;
; Number of Swept Nodes Reported in Synthesis Report               ; 5000               ; 5000               ;
; Number of Inverted Registers Reported in Synthesis Report        ; 100                ; 100                ;
; Clock MUX Protection                                             ; On                 ; On                 ;
; Auto Gated Clock Conversion                                      ; Off                ; Off                ;
; Block Design Naming                                              ; Auto               ; Auto               ;
; SDC constraint protection                                        ; Off                ; Off                ;
; Synthesis Effort                                                 ; Auto               ; Auto               ;
; Shift Register Replacement - Allow Asynchronous Clear Signal     ; On                 ; On                 ;
; Pre-Mapping Resynthesis Optimization                             ; Off                ; Off                ;
; Analysis & Synthesis Message Level                               ; Medium             ; Medium             ;
; Disable Register Merging Across Hierarchies                      ; Auto               ; Auto               ;
; Resource Aware Inference For Block RAM                           ; On                 ; On                 ;
+------------------------------------------------------------------+--------------------+--------------------+


+------------------------------------------+
; Parallel Compilation                     ;
+----------------------------+-------------+
; Processors                 ; Number      ;
+----------------------------+-------------+
; Number detected on machine ; 4           ;
; Maximum allowed            ; 2           ;
;                            ;             ;
; Average used               ; 1.00        ;
; Maximum used               ; 2           ;
;                            ;             ;
; Usage by Processor         ; % Time Used ;
;     Processor 1            ; 100.0%      ;
;     Processor 2            ;   0.0%      ;
+----------------------------+-------------+


+------------------------------------------------------------------------------------------------------------------------------------------+
; Analysis & Synthesis Source Files Read                                                                                                   ;
+----------------------------------+-----------------+-----------------------+---------------------------------------------------+---------+
; File Name with User-Entered Path ; Used in Netlist ; File Type             ; File Name with Absolute Path                      ; Library ;
+----------------------------------+-----------------+-----------------------+---------------------------------------------------+---------+
; Lab06.vhd                        ; yes             ; User VHDL File        ; C:/Users/gregm/Desktop/Lab 06/Lab06.vhd           ;         ;
; ROM_32_6.vhd                     ; yes             ; User VHDL File        ; C:/Users/gregm/Desktop/Lab 06/ROM_32_6.vhd        ;         ;
; PCOUNTER.vhd                     ; yes             ; User VHDL File        ; C:/Users/gregm/Desktop/Lab 06/PCOUNTER.vhd        ;         ;
; reg_datapath.vhd                 ; yes             ; Auto-Found VHDL File  ; C:/Users/gregm/Desktop/Lab 06/reg_datapath.vhd    ;         ;
; reg_alu.vhd                      ; yes             ; Auto-Found VHDL File  ; C:/Users/gregm/Desktop/Lab 06/reg_alu.vhd         ;         ;
; gcpu_controller.vhd              ; yes             ; Auto-Found VHDL File  ; C:/Users/gregm/Desktop/Lab 06/gcpu_controller.vhd ;         ;
+----------------------------------+-----------------+-----------------------+---------------------------------------------------+---------+


+-----------------------------------------------------------+
; Analysis & Synthesis Resource Usage Summary               ;
+---------------------------------------------+-------------+
; Resource                                    ; Usage       ;
+---------------------------------------------+-------------+
; Estimated Total logic elements              ; 154         ;
;                                             ;             ;
; Total combinational functions               ; 146         ;
; Logic element usage by number of LUT inputs ;             ;
;     -- 4 input functions                    ; 50          ;
;     -- 3 input functions                    ; 42          ;
;     -- <=2 input functions                  ; 54          ;
;                                             ;             ;
; Logic elements by mode                      ;             ;
;     -- normal mode                          ; 112         ;
;     -- arithmetic mode                      ; 34          ;
;                                             ;             ;
; Total registers                             ; 81          ;
;     -- Dedicated logic registers            ; 81          ;
;     -- I/O registers                        ; 0           ;
;                                             ;             ;
; I/O pins                                    ; 20          ;
;                                             ;             ;
; Embedded Multiplier 9-bit elements          ; 0           ;
;                                             ;             ;
; Maximum fan-out node                        ; reset~input ;
; Maximum fan-out                             ; 70          ;
; Total fan-out                               ; 713         ;
; Average fan-out                             ; 2.67        ;
+---------------------------------------------+-------------+


+----------------------------------------------------------------------------------------------------------------------------------------------------------------------------------------------------------------------------------------------------------------------------+
; Analysis & Synthesis Resource Utilization by Entity                                                                                                                                                                                                                        ;
+----------------------------------+---------------------+---------------------------+-------------+------------+--------------+---------+-----------+------+--------------+------------+---------------------------------------------------+-----------------+--------------+
; Compilation Hierarchy Node       ; Combinational ALUTs ; Dedicated Logic Registers ; Memory Bits ; UFM Blocks ; DSP Elements ; DSP 9x9 ; DSP 18x18 ; Pins ; Virtual Pins ; ADC blocks ; Full Hierarchy Name                               ; Entity Name     ; Library Name ;
+----------------------------------+---------------------+---------------------------+-------------+------------+--------------+---------+-----------+------+--------------+------------+---------------------------------------------------+-----------------+--------------+
; |Lab06                           ; 146 (47)            ; 81 (33)                   ; 0           ; 0          ; 0            ; 0       ; 0         ; 20   ; 0            ; 0          ; |Lab06                                            ; Lab06           ; work         ;
;    |PCOUNTER:ProgramCounter|     ; 10 (10)             ; 5 (5)                     ; 0           ; 0          ; 0            ; 0       ; 0         ; 0    ; 0            ; 0          ; |Lab06|PCOUNTER:ProgramCounter                    ; PCOUNTER        ; work         ;
;    |REG_DATAPATH:TheRegDatapath| ; 33 (9)              ; 12 (12)                   ; 0           ; 0          ; 0            ; 0       ; 0         ; 0    ; 0            ; 0          ; |Lab06|REG_DATAPATH:TheRegDatapath                ; REG_DATAPATH    ; work         ;
;       |reg_alu:TheALU|           ; 24 (24)             ; 0 (0)                     ; 0           ; 0          ; 0            ; 0       ; 0         ; 0    ; 0            ; 0          ; |Lab06|REG_DATAPATH:TheRegDatapath|reg_alu:TheALU ; reg_alu         ; work         ;
;    |ROM_32_6:Rom|                ; 11 (11)             ; 6 (6)                     ; 0           ; 0          ; 0            ; 0       ; 0         ; 0    ; 0            ; 0          ; |Lab06|ROM_32_6:Rom                               ; ROM_32_6        ; work         ;
;    |gcpu_controller:Control|     ; 45 (45)             ; 25 (25)                   ; 0           ; 0          ; 0            ; 0       ; 0         ; 0    ; 0            ; 0          ; |Lab06|gcpu_controller:Control                    ; gcpu_controller ; work         ;
+----------------------------------+---------------------+---------------------------+-------------+------------+--------------+---------+-----------+------+--------------+------------+---------------------------------------------------+-----------------+--------------+
Note: For table entries with two numbers listed, the numbers in parentheses indicate the number of resources of the given type used by the specific entity alone. The numbers listed outside of parentheses indicate the total resources of the given type used by the specific entity and all of its sub-entities in the hierarchy.


Encoding Type:  One-Hot
+-------------------------------------------------------------------------------------------------------------------------------------------------------------------------------------------------------------------------------------------------------------------------------------------------------------------------------------------------------------------------------------------------------------------------------------------------------------------------------------------------------------------------------------------------------------------------------------------------------------------------------------+
; State Machine - |Lab06|gcpu_controller:Control|present_state                                                                                                                                                                                                                                                                                                                                                                                                                                                                                                                                                                        ;
+--------------------------+--------------------------+--------------------------+---------------------+---------------------+--------------------+---------------------+---------------------+--------------------+--------------------+--------------------+-------------------+---------------------+---------------------+--------------------+--------------------+----------------------+-----------------------+-----------------------+----------------------+-----------------------+-----------------------+----------------------+---------------------+---------------------+---------------------+-----------------------+
; Name                     ; present_state.TWOCOMP1_B ; present_state.TWOCOMP1_A ; present_state.SUB_B ; present_state.SUB_A ; present_state.SUB1 ; present_state.ADD_B ; present_state.ADD_A ; present_state.ADD1 ; present_state.OR_B ; present_state.OR_A ; present_state.OR1 ; present_state.AND_B ; present_state.AND_A ; present_state.AND1 ; present_state.END1 ; present_state.BEGIN1 ; present_state.COPYB_B ; present_state.CopyB_A ; present_state.COPYB1 ; present_state.CopyA_B ; present_state.CopyA_A ; present_state.CopyA1 ; present_state.LoadB ; present_state.LoadA ; present_state.Load1 ; present_state.Waiting ;
+--------------------------+--------------------------+--------------------------+---------------------+---------------------+--------------------+---------------------+---------------------+--------------------+--------------------+--------------------+-------------------+---------------------+---------------------+--------------------+--------------------+----------------------+-----------------------+-----------------------+----------------------+-----------------------+-----------------------+----------------------+---------------------+---------------------+---------------------+-----------------------+
; present_state.Waiting    ; 0                        ; 0                        ; 0                   ; 0                   ; 0                  ; 0                   ; 0                   ; 0                  ; 0                  ; 0                  ; 0                 ; 0                   ; 0                   ; 0                  ; 0                  ; 0                    ; 0                     ; 0                     ; 0                    ; 0                     ; 0                     ; 0                    ; 0                   ; 0                   ; 0                   ; 0                     ;
; present_state.Load1      ; 0                        ; 0                        ; 0                   ; 0                   ; 0                  ; 0                   ; 0                   ; 0                  ; 0                  ; 0                  ; 0                 ; 0                   ; 0                   ; 0                  ; 0                  ; 0                    ; 0                     ; 0                     ; 0                    ; 0                     ; 0                     ; 0                    ; 0                   ; 0                   ; 1                   ; 1                     ;
; present_state.LoadA      ; 0                        ; 0                        ; 0                   ; 0                   ; 0                  ; 0                   ; 0                   ; 0                  ; 0                  ; 0                  ; 0                 ; 0                   ; 0                   ; 0                  ; 0                  ; 0                    ; 0                     ; 0                     ; 0                    ; 0                     ; 0                     ; 0                    ; 0                   ; 1                   ; 0                   ; 1                     ;
; present_state.LoadB      ; 0                        ; 0                        ; 0                   ; 0                   ; 0                  ; 0                   ; 0                   ; 0                  ; 0                  ; 0                  ; 0                 ; 0                   ; 0                   ; 0                  ; 0                  ; 0                    ; 0                     ; 0                     ; 0                    ; 0                     ; 0                     ; 0                    ; 1                   ; 0                   ; 0                   ; 1                     ;
; present_state.CopyA1     ; 0                        ; 0                        ; 0                   ; 0                   ; 0                  ; 0                   ; 0                   ; 0                  ; 0                  ; 0                  ; 0                 ; 0                   ; 0                   ; 0                  ; 0                  ; 0                    ; 0                     ; 0                     ; 0                    ; 0                     ; 0                     ; 1                    ; 0                   ; 0                   ; 0                   ; 1                     ;
; present_state.CopyA_A    ; 0                        ; 0                        ; 0                   ; 0                   ; 0                  ; 0                   ; 0                   ; 0                  ; 0                  ; 0                  ; 0                 ; 0                   ; 0                   ; 0                  ; 0                  ; 0                    ; 0                     ; 0                     ; 0                    ; 0                     ; 1                     ; 0                    ; 0                   ; 0                   ; 0                   ; 1                     ;
; present_state.CopyA_B    ; 0                        ; 0                        ; 0                   ; 0                   ; 0                  ; 0                   ; 0                   ; 0                  ; 0                  ; 0                  ; 0                 ; 0                   ; 0                   ; 0                  ; 0                  ; 0                    ; 0                     ; 0                     ; 0                    ; 1                     ; 0                     ; 0                    ; 0                   ; 0                   ; 0                   ; 1                     ;
; present_state.COPYB1     ; 0                        ; 0                        ; 0                   ; 0                   ; 0                  ; 0                   ; 0                   ; 0                  ; 0                  ; 0                  ; 0                 ; 0                   ; 0                   ; 0                  ; 0                  ; 0                    ; 0                     ; 0                     ; 1                    ; 0                     ; 0                     ; 0                    ; 0                   ; 0                   ; 0                   ; 1                     ;
; present_state.CopyB_A    ; 0                        ; 0                        ; 0                   ; 0                   ; 0                  ; 0                   ; 0                   ; 0                  ; 0                  ; 0                  ; 0                 ; 0                   ; 0                   ; 0                  ; 0                  ; 0                    ; 0                     ; 1                     ; 0                    ; 0                     ; 0                     ; 0                    ; 0                   ; 0                   ; 0                   ; 1                     ;
; present_state.COPYB_B    ; 0                        ; 0                        ; 0                   ; 0                   ; 0                  ; 0                   ; 0                   ; 0                  ; 0                  ; 0                  ; 0                 ; 0                   ; 0                   ; 0                  ; 0                  ; 0                    ; 1                     ; 0                     ; 0                    ; 0                     ; 0                     ; 0                    ; 0                   ; 0                   ; 0                   ; 1                     ;
; present_state.BEGIN1     ; 0                        ; 0                        ; 0                   ; 0                   ; 0                  ; 0                   ; 0                   ; 0                  ; 0                  ; 0                  ; 0                 ; 0                   ; 0                   ; 0                  ; 0                  ; 1                    ; 0                     ; 0                     ; 0                    ; 0                     ; 0                     ; 0                    ; 0                   ; 0                   ; 0                   ; 1                     ;
; present_state.END1       ; 0                        ; 0                        ; 0                   ; 0                   ; 0                  ; 0                   ; 0                   ; 0                  ; 0                  ; 0                  ; 0                 ; 0                   ; 0                   ; 0                  ; 1                  ; 0                    ; 0                     ; 0                     ; 0                    ; 0                     ; 0                     ; 0                    ; 0                   ; 0                   ; 0                   ; 1                     ;
; present_state.AND1       ; 0                        ; 0                        ; 0                   ; 0                   ; 0                  ; 0                   ; 0                   ; 0                  ; 0                  ; 0                  ; 0                 ; 0                   ; 0                   ; 1                  ; 0                  ; 0                    ; 0                     ; 0                     ; 0                    ; 0                     ; 0                     ; 0                    ; 0                   ; 0                   ; 0                   ; 1                     ;
; present_state.AND_A      ; 0                        ; 0                        ; 0                   ; 0                   ; 0                  ; 0                   ; 0                   ; 0                  ; 0                  ; 0                  ; 0                 ; 0                   ; 1                   ; 0                  ; 0                  ; 0                    ; 0                     ; 0                     ; 0                    ; 0                     ; 0                     ; 0                    ; 0                   ; 0                   ; 0                   ; 1                     ;
; present_state.AND_B      ; 0                        ; 0                        ; 0                   ; 0                   ; 0                  ; 0                   ; 0                   ; 0                  ; 0                  ; 0                  ; 0                 ; 1                   ; 0                   ; 0                  ; 0                  ; 0                    ; 0                     ; 0                     ; 0                    ; 0                     ; 0                     ; 0                    ; 0                   ; 0                   ; 0                   ; 1                     ;
; present_state.OR1        ; 0                        ; 0                        ; 0                   ; 0                   ; 0                  ; 0                   ; 0                   ; 0                  ; 0                  ; 0                  ; 1                 ; 0                   ; 0                   ; 0                  ; 0                  ; 0                    ; 0                     ; 0                     ; 0                    ; 0                     ; 0                     ; 0                    ; 0                   ; 0                   ; 0                   ; 1                     ;
; present_state.OR_A       ; 0                        ; 0                        ; 0                   ; 0                   ; 0                  ; 0                   ; 0                   ; 0                  ; 0                  ; 1                  ; 0                 ; 0                   ; 0                   ; 0                  ; 0                  ; 0                    ; 0                     ; 0                     ; 0                    ; 0                     ; 0                     ; 0                    ; 0                   ; 0                   ; 0                   ; 1                     ;
; present_state.OR_B       ; 0                        ; 0                        ; 0                   ; 0                   ; 0                  ; 0                   ; 0                   ; 0                  ; 1                  ; 0                  ; 0                 ; 0                   ; 0                   ; 0                  ; 0                  ; 0                    ; 0                     ; 0                     ; 0                    ; 0                     ; 0                     ; 0                    ; 0                   ; 0                   ; 0                   ; 1                     ;
; present_state.ADD1       ; 0                        ; 0                        ; 0                   ; 0                   ; 0                  ; 0                   ; 0                   ; 1                  ; 0                  ; 0                  ; 0                 ; 0                   ; 0                   ; 0                  ; 0                  ; 0                    ; 0                     ; 0                     ; 0                    ; 0                     ; 0                     ; 0                    ; 0                   ; 0                   ; 0                   ; 1                     ;
; present_state.ADD_A      ; 0                        ; 0                        ; 0                   ; 0                   ; 0                  ; 0                   ; 1                   ; 0                  ; 0                  ; 0                  ; 0                 ; 0                   ; 0                   ; 0                  ; 0                  ; 0                    ; 0                     ; 0                     ; 0                    ; 0                     ; 0                     ; 0                    ; 0                   ; 0                   ; 0                   ; 1                     ;
; present_state.ADD_B      ; 0                        ; 0                        ; 0                   ; 0                   ; 0                  ; 1                   ; 0                   ; 0                  ; 0                  ; 0                  ; 0                 ; 0                   ; 0                   ; 0                  ; 0                  ; 0                    ; 0                     ; 0                     ; 0                    ; 0                     ; 0                     ; 0                    ; 0                   ; 0                   ; 0                   ; 1                     ;
; present_state.SUB1       ; 0                        ; 0                        ; 0                   ; 0                   ; 1                  ; 0                   ; 0                   ; 0                  ; 0                  ; 0                  ; 0                 ; 0                   ; 0                   ; 0                  ; 0                  ; 0                    ; 0                     ; 0                     ; 0                    ; 0                     ; 0                     ; 0                    ; 0                   ; 0                   ; 0                   ; 1                     ;
; present_state.SUB_A      ; 0                        ; 0                        ; 0                   ; 1                   ; 0                  ; 0                   ; 0                   ; 0                  ; 0                  ; 0                  ; 0                 ; 0                   ; 0                   ; 0                  ; 0                  ; 0                    ; 0                     ; 0                     ; 0                    ; 0                     ; 0                     ; 0                    ; 0                   ; 0                   ; 0                   ; 1                     ;
; present_state.SUB_B      ; 0                        ; 0                        ; 1                   ; 0                   ; 0                  ; 0                   ; 0                   ; 0                  ; 0                  ; 0                  ; 0                 ; 0                   ; 0                   ; 0                  ; 0                  ; 0                    ; 0                     ; 0                     ; 0                    ; 0                     ; 0                     ; 0                    ; 0                   ; 0                   ; 0                   ; 1                     ;
; present_state.TWOCOMP1_A ; 0                        ; 1                        ; 0                   ; 0                   ; 0                  ; 0                   ; 0                   ; 0                  ; 0                  ; 0                  ; 0                 ; 0                   ; 0                   ; 0                  ; 0                  ; 0                    ; 0                     ; 0                     ; 0                    ; 0                     ; 0                     ; 0                    ; 0                   ; 0                   ; 0                   ; 1                     ;
; present_state.TWOCOMP1_B ; 1                        ; 0                        ; 0                   ; 0                   ; 0                  ; 0                   ; 0                   ; 0                  ; 0                  ; 0                  ; 0                 ; 0                   ; 0                   ; 0                  ; 0                  ; 0                    ; 0                     ; 0                     ; 0                    ; 0                     ; 0                     ; 0                    ; 0                   ; 0                   ; 0                   ; 1                     ;
+--------------------------+--------------------------+--------------------------+---------------------+---------------------+--------------------+---------------------+---------------------+--------------------+--------------------+--------------------+-------------------+---------------------+---------------------+--------------------+--------------------+----------------------+-----------------------+-----------------------+----------------------+-----------------------+-----------------------+----------------------+---------------------+---------------------+---------------------+-----------------------+


+-----------------------------------------------------------------------+
; Registers Removed During Synthesis                                    ;
+--------------------------------------------------+--------------------+
; Register name                                    ; Reason for Removal ;
+--------------------------------------------------+--------------------+
; gcpu_controller:Control|present_state.TWOCOMP1_A ; Lost fanout        ;
; gcpu_controller:Control|present_state.TWOCOMP1_B ; Lost fanout        ;
; Total Number of Removed Registers = 2            ;                    ;
+--------------------------------------------------+--------------------+


+------------------------------------------------------+
; General Register Statistics                          ;
+----------------------------------------------+-------+
; Statistic                                    ; Value ;
+----------------------------------------------+-------+
; Total registers                              ; 81    ;
; Number of registers using Synchronous Clear  ; 5     ;
; Number of registers using Synchronous Load   ; 0     ;
; Number of registers using Asynchronous Clear ; 70    ;
; Number of registers using Asynchronous Load  ; 0     ;
; Number of registers using Clock Enable       ; 21    ;
; Number of registers using Preset             ; 0     ;
+----------------------------------------------+-------+


+----------------------------------------------------------------------------------------------------------------------------------------------------------------------+
; Multiplexer Restructuring Statistics (Restructuring Performed)                                                                                                       ;
+--------------------+-----------+---------------+----------------------+------------------------+------------+--------------------------------------------------------+
; Multiplexer Inputs ; Bus Width ; Baseline Area ; Area if Restructured ; Saving if Restructured ; Registered ; Example Multiplexer Output                             ;
+--------------------+-----------+---------------+----------------------+------------------------+------------+--------------------------------------------------------+
; 4:1                ; 4 bits    ; 8 LEs         ; 8 LEs                ; 0 LEs                  ; No         ; |Lab06|REG_DATAPATH:TheRegDatapath|reg_alu:TheALU|Mux1 ;
; 4:1                ; 4 bits    ; 8 LEs         ; 8 LEs                ; 0 LEs                  ; No         ; |Lab06|REG_DATAPATH:TheRegDatapath|Mux2                ;
; 4:1                ; 10 bits   ; 20 LEs        ; 20 LEs               ; 0 LEs                  ; No         ; |Lab06|gcpu_controller:Control|Selector21              ;
+--------------------+-----------+---------------+----------------------+------------------------+------------+--------------------------------------------------------+


+-------------------------------------------------------------------------------------------------------------------+
; Port Connectivity Checks: "gcpu_controller:Control"                                                               ;
+---------+--------+----------+-------------------------------------------------------------------------------------+
; Port    ; Type   ; Severity ; Details                                                                             ;
+---------+--------+----------+-------------------------------------------------------------------------------------+
; c_set   ; Output ; Info     ; Connected to dangling logic. Logic that only feeds a dangling port will be removed. ;
; c_reset ; Output ; Info     ; Connected to dangling logic. Logic that only feeds a dangling port will be removed. ;
+---------+--------+----------+-------------------------------------------------------------------------------------+


+---------------------------------------------------------+
; Port Connectivity Checks: "REG_DATAPATH:TheRegDatapath" ;
+------+-------+----------+-------------------------------+
; Port ; Type  ; Severity ; Details                       ;
+------+-------+----------+-------------------------------+
; cin  ; Input ; Info     ; Stuck at GND                  ;
+------+-------+----------+-------------------------------+


+-----------------------------------------------------+
; Post-Synthesis Netlist Statistics for Top Partition ;
+-----------------------+-----------------------------+
; Type                  ; Count                       ;
+-----------------------+-----------------------------+
; boundary_port         ; 20                          ;
; cycloneiii_ff         ; 81                          ;
;     CLR               ; 49                          ;
;     ENA CLR           ; 16                          ;
;     ENA CLR SCLR      ; 5                           ;
;     plain             ; 11                          ;
; cycloneiii_lcell_comb ; 147                         ;
;     arith             ; 34                          ;
;         2 data inputs ; 29                          ;
;         3 data inputs ; 5                           ;
;     normal            ; 113                         ;
;         0 data inputs ; 2                           ;
;         1 data inputs ; 3                           ;
;         2 data inputs ; 21                          ;
;         3 data inputs ; 37                          ;
;         4 data inputs ; 50                          ;
;                       ;                             ;
; Max LUT depth         ; 7.10                        ;
; Average LUT depth     ; 3.49                        ;
+-----------------------+-----------------------------+


+-------------------------------+
; Elapsed Time Per Partition    ;
+----------------+--------------+
; Partition Name ; Elapsed Time ;
+----------------+--------------+
; Top            ; 00:00:02     ;
+----------------+--------------+


+-------------------------------+
; Analysis & Synthesis Messages ;
+-------------------------------+
Info: *******************************************************************
Info: Running Quartus Prime Analysis & Synthesis
    Info: Version 18.1.0 Build 625 09/12/2018 SJ Lite Edition
    Info: Processing started: Sun Apr 19 17:15:34 2020
Info: Command: quartus_map --read_settings_files=on --write_settings_files=off Lab06 -c Lab06
Warning (18236): Number of processors has not been specified which may cause overloading on shared machines.  Set the global assignment NUM_PARALLEL_PROCESSORS in your QSF to an appropriate value for best performance.
Info (20030): Parallel compilation is enabled and will use 2 of the 2 processors detected
Info (12021): Found 2 design units, including 1 entities, in source file lab06.vhd
    Info (12022): Found design unit 1: Lab06-structural File: C:/Users/gregm/Desktop/Lab 06/Lab06.vhd Line: 20
    Info (12023): Found entity 1: Lab06 File: C:/Users/gregm/Desktop/Lab 06/Lab06.vhd Line: 7
Info (12021): Found 2 design units, including 1 entities, in source file alu.vhd
    Info (12022): Found design unit 1: ALU-Behavioral File: C:/Users/gregm/Desktop/Lab 06/ALU.vhd Line: 17
    Info (12023): Found entity 1: ALU File: C:/Users/gregm/Desktop/Lab 06/ALU.vhd Line: 6
Warning (12019): Can't analyze file -- file CONTROL.vhd is missing
Warning (12019): Can't analyze file -- file DATAPATH.vhd is missing
Info (12021): Found 2 design units, including 1 entities, in source file rom_32_6.vhd
    Info (12022): Found design unit 1: ROM_32_6-rtl File: C:/Users/gregm/Desktop/Lab 06/ROM_32_6.vhd Line: 20
    Info (12023): Found entity 1: ROM_32_6 File: C:/Users/gregm/Desktop/Lab 06/ROM_32_6.vhd Line: 6
Info (12021): Found 2 design units, including 1 entities, in source file pcounter.vhd
    Info (12022): Found design unit 1: PCOUNTER-structural File: C:/Users/gregm/Desktop/Lab 06/PCOUNTER.vhd Line: 24
    Info (12023): Found entity 1: PCOUNTER File: C:/Users/gregm/Desktop/Lab 06/PCOUNTER.vhd Line: 6
Info (12127): Elaborating entity "Lab06" for the top level hierarchy
Warning (10541): VHDL Signal Declaration warning at Lab06.vhd(14): used implicit default value for signal "C" because signal was never assigned a value or an explicit default value. Use of implicit default value may introduce unintended design optimizations. File: C:/Users/gregm/Desktop/Lab 06/Lab06.vhd Line: 14
Warning (10036): Verilog HDL or VHDL warning at Lab06.vhd(106): object "Creg" assigned a value but never read File: C:/Users/gregm/Desktop/Lab 06/Lab06.vhd Line: 106
Warning (12125): Using design file reg_datapath.vhd, which is not specified as a design file for the current project, but contains definitions for 2 design units and 1 entities in project
    Info (12022): Found design unit 1: REG_DATAPATH-structural File: C:/Users/gregm/Desktop/Lab 06/reg_datapath.vhd Line: 22
    Info (12023): Found entity 1: REG_DATAPATH File: C:/Users/gregm/Desktop/Lab 06/reg_datapath.vhd Line: 6
Info (12128): Elaborating entity "REG_DATAPATH" for hierarchy "REG_DATAPATH:TheRegDatapath" File: C:/Users/gregm/Desktop/Lab 06/Lab06.vhd Line: 149
Warning (12125): Using design file reg_alu.vhd, which is not specified as a design file for the current project, but contains definitions for 2 design units and 1 entities in project
    Info (12022): Found design unit 1: reg_alu-Behavioral File: C:/Users/gregm/Desktop/Lab 06/reg_alu.vhd Line: 16
    Info (12023): Found entity 1: reg_alu File: C:/Users/gregm/Desktop/Lab 06/reg_alu.vhd Line: 6
Info (12128): Elaborating entity "REG_ALU" for hierarchy "REG_DATAPATH:TheRegDatapath|REG_ALU:TheALU" File: C:/Users/gregm/Desktop/Lab 06/reg_datapath.vhd Line: 112
Warning (10492): VHDL Process Statement warning at reg_alu.vhd(31): signal "CIN" is read inside the Process Statement but isn't in the Process Statement's sensitivity list File: C:/Users/gregm/Desktop/Lab 06/reg_alu.vhd Line: 31
Warning (12125): Using design file gcpu_controller.vhd, which is not specified as a design file for the current project, but contains definitions for 2 design units and 1 entities in project
    Info (12022): Found design unit 1: gcpu_controller-Behavioral File: C:/Users/gregm/Desktop/Lab 06/gcpu_controller.vhd Line: 24
    Info (12023): Found entity 1: gcpu_controller File: C:/Users/gregm/Desktop/Lab 06/gcpu_controller.vhd Line: 6
Info (12128): Elaborating entity "gcpu_controller" for hierarchy "gcpu_controller:Control" File: C:/Users/gregm/Desktop/Lab 06/Lab06.vhd Line: 165
Warning (10631): VHDL Process Statement warning at gcpu_controller.vhd(50): inferring latch(es) for signal or variable "PCload", which holds its previous value in one or more paths through the process File: C:/Users/gregm/Desktop/Lab 06/gcpu_controller.vhd Line: 50
Info (10041): Inferred latch for "PCload" at gcpu_controller.vhd(50) File: C:/Users/gregm/Desktop/Lab 06/gcpu_controller.vhd Line: 50
Info (12128): Elaborating entity "ROM_32_6" for hierarchy "ROM_32_6:Rom" File: C:/Users/gregm/Desktop/Lab 06/Lab06.vhd Line: 183
Info (12128): Elaborating entity "PCOUNTER" for hierarchy "PCOUNTER:ProgramCounter" File: C:/Users/gregm/Desktop/Lab 06/Lab06.vhd Line: 193
Warning (10492): VHDL Process Statement warning at PCOUNTER.vhd(40): signal "PAddr" is read inside the Process Statement but isn't in the Process Statement's sensitivity list File: C:/Users/gregm/Desktop/Lab 06/PCOUNTER.vhd Line: 40
Info (276014): Found 1 instances of uninferred RAM logic
    Info (276013): RAM logic "ROM_32_6:Rom|rom" is uninferred because MIF is not supported for the selected family File: C:/Users/gregm/Desktop/Lab 06/ROM_32_6.vhd Line: 89
Warning (13024): Output pins are stuck at VCC or GND
    Warning (13410): Pin "C" is stuck at GND File: C:/Users/gregm/Desktop/Lab 06/Lab06.vhd Line: 14
Info (286030): Timing-Driven Synthesis is running
Info (17049): 2 registers lost all their fanouts during netlist optimizations.
Info (16010): Generating hard_block partition "hard_block:auto_generated_inst"
    Info (16011): Adding 0 node(s), including 0 DDIO, 0 PLL, 0 transceiver and 0 LCELL
Warning (21074): Design contains 1 input pin(s) that do not drive logic
    Warning (15610): No output dependent on input pin "PAddr[5]" File: C:/Users/gregm/Desktop/Lab 06/Lab06.vhd Line: 12
Info (21057): Implemented 181 device resources after synthesis - the final resource count might be different
    Info (21058): Implemented 13 input pins
    Info (21059): Implemented 7 output pins
    Info (21061): Implemented 161 logic cells
Info: Quartus Prime Analysis & Synthesis was successful. 0 errors, 15 warnings
    Info: Peak virtual memory: 4792 megabytes
    Info: Processing ended: Sun Apr 19 17:15:59 2020
    Info: Elapsed time: 00:00:25
    Info: Total CPU time (on all processors): 00:00:47


